# JRE version: Java(TM) SE Runtime Environment (17.0.8+9) (build 17.0.8+9-LTS-211)
# Java VM: Java HotSpot(TM) 64-Bit Server VM (17.0.8+9-LTS-211, mixed mode, sharing, tiered, compressed oops, compressed class ptrs, g1 gc, windows-amd64)
GC Precious Log:
 CPUs: 6 total, 6 available
 Memory: 7579M
 Large Page Support: Disabled
 NUMA Support: Disabled
 Compressed Oops: Enabled (32-bit)
 Heap Region Size: 1M
 Heap Min Capacity: 8M
 Heap Initial Capacity: 120M
 Heap Max Capacity: 2G
 Pre-touch: Disabled
 Parallel Workers: 6
 Concurrent Workers: 2
 Concurrent Refinement Workers: 6
 Periodic GC: Disabled
Heap:
 garbage-first heap   total 310272K, used 178462K [0x0000000080000000, 0x0000000100000000)
  region size 1024K, 5 young (5120K), 5 survivors (5120K)
 Metaspace       used 97352K, committed 98624K, reserved 557056K
  class space    used 13755K, committed 14336K, reserved 425984K
GC Heap History (20 events):
Event: 67.021 GC heap after
{Heap after GC invocations=27 (full 0):
 garbage-first heap   total 310272K, used 86114K [0x0000000080000000, 0x0000000100000000)
  region size 1024K, 1 young (1024K), 1 survivors (1024K)
 Metaspace       used 54665K, committed 55424K, reserved 491520K
  class space    used 7725K, committed 8064K, reserved 425984K
}
Event: 76.474 GC heap before
{Heap before GC invocations=27 (full 0):
 garbage-first heap   total 310272K, used 244834K [0x0000000080000000, 0x0000000100000000)
  region size 1024K, 152 young (155648K), 1 survivors (1024K)
 Metaspace       used 65525K, committed 66368K, reserved 491520K
  class space    used 9272K, committed 9664K, reserved 425984K
}
Event: 76.529 GC heap after
{Heap after GC invocations=28 (full 0):
 garbage-first heap   total 310272K, used 97642K [0x0000000080000000, 0x0000000100000000)
  region size 1024K, 8 young (8192K), 8 survivors (8192K)
 Metaspace       used 65525K, committed 66368K, reserved 491520K
  class space    used 9272K, committed 9664K, reserved 425984K
}
Event: 95.387 GC heap before
{Heap before GC invocations=28 (full 0):
 garbage-first heap   total 310272K, used 176490K [0x0000000080000000, 0x0000000100000000)
  region size 1024K, 87 young (89088K), 8 survivors (8192K)
 Metaspace       used 68438K, committed 69312K, reserved 491520K
  class space    used 9694K, committed 10112K, reserved 425984K
}
Event: 95.509 GC heap after
{Heap after GC invocations=29 (full 0):
 garbage-first heap   total 310272K, used 105867K [0x0000000080000000, 0x0000000100000000)
  region size 1024K, 16 young (16384K), 16 survivors (16384K)
 Metaspace       used 68438K, committed 69312K, reserved 491520K
  class space    used 9694K, committed 10112K, reserved 425984K
}
Event: 116.134 GC heap before
{Heap before GC invocations=30 (full 0):
 garbage-first heap   total 310272K, used 260491K [0x0000000080000000, 0x0000000100000000)
  region size 1024K, 157 young (160768K), 16 survivors (16384K)
 Metaspace       used 78433K, committed 79360K, reserved 557056K
  class space    used 10904K, committed 11328K, reserved 425984K
}
Event: 116.421 GC heap after
{Heap after GC invocations=31 (full 0):
 garbage-first heap   total 310272K, used 121715K [0x0000000080000000, 0x0000000100000000)
  region size 1024K, 20 young (20480K), 20 survivors (20480K)
 Metaspace       used 78433K, committed 79360K, reserved 557056K
  class space    used 10904K, committed 11328K, reserved 425984K
}
Event: 116.496 GC heap before
{Heap before GC invocations=31 (full 0):
 garbage-first heap   total 310272K, used 121715K [0x0000000080000000, 0x0000000100000000)
  region size 1024K, 21 young (21504K), 20 survivors (20480K)
 Metaspace       used 78511K, committed 79424K, reserved 557056K
  class space    used 10911K, committed 11328K, reserved 425984K
}
Event: 116.553 GC heap after
{Heap after GC invocations=32 (full 0):
 garbage-first heap   total 310272K, used 124250K [0x0000000080000000, 0x0000000100000000)
  region size 1024K, 3 young (3072K), 3 survivors (3072K)
 Metaspace       used 78511K, committed 79424K, reserved 557056K
  class space    used 10911K, committed 11328K, reserved 425984K
}
Event: 134.596 GC heap before
{Heap before GC invocations=32 (full 0):
 garbage-first heap   total 310272K, used 253274K [0x0000000080000000, 0x0000000100000000)
  region size 1024K, 128 young (131072K), 3 survivors (3072K)
 Metaspace       used 84404K, committed 85376K, reserved 557056K
  class space    used 11776K, committed 12224K, reserved 425984K
}
Event: 134.631 GC heap after
{Heap after GC invocations=33 (full 0):
 garbage-first heap   total 310272K, used 128232K [0x0000000080000000, 0x0000000100000000)
  region size 1024K, 7 young (7168K), 7 survivors (7168K)
 Metaspace       used 84404K, committed 85376K, reserved 557056K
  class space    used 11776K, committed 12224K, reserved 425984K
}
Event: 143.850 GC heap before
{Heap before GC invocations=33 (full 0):
 garbage-first heap   total 310272K, used 253160K [0x0000000080000000, 0x0000000100000000)
  region size 1024K, 129 young (132096K), 7 survivors (7168K)
 Metaspace       used 90636K, committed 91712K, reserved 557056K
  class space    used 12773K, committed 13248K, reserved 425984K
}
Event: 143.889 GC heap after
{Heap after GC invocations=34 (full 0):
 garbage-first heap   total 310272K, used 136927K [0x0000000080000000, 0x0000000100000000)
  region size 1024K, 16 young (16384K), 16 survivors (16384K)
 Metaspace       used 90636K, committed 91712K, reserved 557056K
  class space    used 12773K, committed 13248K, reserved 425984K
}
Event: 164.748 GC heap before
{Heap before GC invocations=34 (full 0):
 garbage-first heap   total 310272K, used 209631K [0x0000000080000000, 0x0000000100000000)
  region size 1024K, 89 young (91136K), 16 survivors (16384K)
 Metaspace       used 92340K, committed 93440K, reserved 557056K
  class space    used 13022K, committed 13504K, reserved 425984K
}
Event: 165.054 GC heap after
{Heap after GC invocations=35 (full 0):
 garbage-first heap   total 310272K, used 143898K [0x0000000080000000, 0x0000000100000000)
  region size 1024K, 16 young (16384K), 16 survivors (16384K)
 Metaspace       used 92340K, committed 93440K, reserved 557056K
  class space    used 13022K, committed 13504K, reserved 425984K
}
Event: 172.858 GC heap before
{Heap before GC invocations=36 (full 0):
 garbage-first heap   total 310272K, used 242202K [0x0000000080000000, 0x0000000100000000)
  region size 1024K, 105 young (107520K), 16 survivors (16384K)
 Metaspace       used 93443K, committed 94592K, reserved 557056K
  class space    used 13204K, committed 13760K, reserved 425984K
}
Event: 173.058 GC heap after
{Heap after GC invocations=37 (full 0):
 garbage-first heap   total 310272K, used 173221K [0x0000000080000000, 0x0000000100000000)
  region size 1024K, 14 young (14336K), 14 survivors (14336K)
 Metaspace       used 93443K, committed 94592K, reserved 557056K
  class space    used 13204K, committed 13760K, reserved 425984K
}
Event: 173.086 GC heap before
{Heap before GC invocations=37 (full 0):
 garbage-first heap   total 310272K, used 174245K [0x0000000080000000, 0x0000000100000000)
  region size 1024K, 15 young (15360K), 14 survivors (14336K)
 Metaspace       used 93444K, committed 94592K, reserved 557056K
  class space    used 13204K, committed 13760K, reserved 425984K
}
Event: 173.119 GC heap after
{Heap after GC invocations=38 (full 0):
 garbage-first heap   total 310272K, used 175608K [0x0000000080000000, 0x0000000100000000)
  region size 1024K, 2 young (2048K), 2 survivors (2048K)
 Metaspace       used 93444K, committed 94592K, reserved 557056K
  class space    used 13204K, committed 13760K, reserved 425984K
}
Event: 178.312 GC heap before
{Heap before GC invocations=38 (full 0):
 garbage-first heap   total 310272K, used 249336K [0x0000000080000000, 0x0000000100000000)
  region size 1024K, 74 young (75776K), 2 survivors (2048K)
 Metaspace       used 97352K, committed 98624K, reserved 557056K
  class space    used 13755K, committed 14336K, reserved 425984K
}

